# JRE version: Java(TM) SE Runtime Environment (8.0_172-b11) (build 1.8.0_172-b11)
# Java VM: Java HotSpot(TM) Client VM (25.172-b11 mixed mode windows-x86 )
Heap:
 def new generation   total 24064K, used 17540K [0x0fe00000, 0x11810000, 0x15350000)
  eden space 21440K,  71% used [0x0fe00000, 0x10d00578, 0x112f0000)
  from space 2624K,  83% used [0x11580000, 0x117a0bf8, 0x11810000)
  to   space 2624K,   0% used [0x112f0000, 0x112f0000, 0x11580000)
 tenured generation   total 53272K, used 47205K [0x15350000, 0x18756000, 0x1fe00000)
   the space 53272K,  88% used [0x15350000, 0x181694d0, 0x18169600, 0x18756000)
 Metaspace       used 48563K, capacity 50088K, committed 50152K, reserved 50560K
GC Heap History (10 events):
Event: 9.595 GC heap before
{Heap before GC invocations=81 (full 4):
 def new generation   total 24064K, used 22635K [0x0fe00000, 0x11810000, 0x15350000)
  eden space 21440K, 100% used [0x0fe00000, 0x112f0000, 0x112f0000)
  from space 2624K,  45% used [0x112f0000, 0x1141aeb8, 0x11580000)
  to   space 2624K,   0% used [0x11580000, 0x11580000, 0x11810000)
 tenured generation   total 53272K, used 44398K [0x15350000, 0x18756000, 0x1fe00000)
   the space 53272K,  83% used [0x15350000, 0x17eabb98, 0x17eabc00, 0x18756000)
 Metaspace       used 45915K, capacity 47375K, committed 47464K, reserved 47488K
Event: 9.601 GC heap after
Heap after GC invocations=82 (full 4):
 def new generation   total 24064K, used 2053K [0x0fe00000, 0x11810000, 0x15350000)
  eden space 21440K,   0% used [0x0fe00000, 0x0fe00000, 0x112f0000)
  from space 2624K,  78% used [0x11580000, 0x117815f8, 0x11810000)
  to   space 2624K,   0% used [0x112f0000, 0x112f0000, 0x11580000)
 tenured generation   total 53272K, used 44398K [0x15350000, 0x18756000, 0x1fe00000)
   the space 53272K,  83% used [0x15350000, 0x17eabb98, 0x17eabc00, 0x18756000)
 Metaspace       used 45915K, capacity 47375K, committed 47464K, reserved 47488K
}
Event: 9.728 GC heap before
{Heap before GC invocations=82 (full 4):
 def new generation   total 24064K, used 23493K [0x0fe00000, 0x11810000, 0x15350000)
  eden space 21440K, 100% used [0x0fe00000, 0x112f0000, 0x112f0000)
  from space 2624K,  78% used [0x11580000, 0x117815f8, 0x11810000)
  to   space 2624K,   0% used [0x112f0000, 0x112f0000, 0x11580000)
 tenured generation   total 53272K, used 44398K [0x15350000, 0x18756000, 0x1fe00000)
   the space 53272K,  83% used [0x15350000, 0x17eabb98, 0x17eabc00, 0x18756000)
 Metaspace       used 46409K, capacity 47890K, committed 47976K, reserved 48512K
Event: 9.736 GC heap after
Heap after GC invocations=83 (full 4):
 def new generation   total 24064K, used 1127K [0x0fe00000, 0x11810000, 0x15350000)
  eden space 21440K,   0% used [0x0fe00000, 0x0fe00000, 0x112f0000)
  from space 2624K,  42% used [0x112f0000, 0x11409e58, 0x11580000)
  to   space 2624K,   0% used [0x11580000, 0x11580000, 0x11810000)
 tenured generation   total 53272K, used 46162K [0x15350000, 0x18756000, 0x1fe00000)
   the space 53272K,  86% used [0x15350000, 0x18064a08, 0x18064c00, 0x18756000)
 Metaspace       used 46409K, capacity 47890K, committed 47976K, reserved 48512K
}
Event: 9.903 GC heap before
{Heap before GC invocations=83 (full 4):
 def new generation   total 24064K, used 22567K [0x0fe00000, 0x11810000, 0x15350000)
  eden space 21440K, 100% used [0x0fe00000, 0x112f0000, 0x112f0000)
  from space 2624K,  42% used [0x112f0000, 0x11409e58, 0x11580000)
  to   space 2624K,   0% used [0x11580000, 0x11580000, 0x11810000)
 tenured generation   total 53272K, used 46162K [0x15350000, 0x18756000, 0x1fe00000)
   the space 53272K,  86% used [0x15350000, 0x18064a08, 0x18064c00, 0x18756000)
 Metaspace       used 46542K, capacity 48025K, committed 48104K, reserved 48512K
Event: 9.908 GC heap after
Heap after GC invocations=84 (full 4):
 def new generation   total 24064K, used 1409K [0x0fe00000, 0x11810000, 0x15350000)
  eden space 21440K,   0% used [0x0fe00000, 0x0fe00000, 0x112f0000)
  from space 2624K,  53% used [0x11580000, 0x116e0628, 0x11810000)
  to   space 2624K,   0% used [0x112f0000, 0x112f0000, 0x11580000)
 tenured generation   total 53272K, used 46162K [0x15350000, 0x18756000, 0x1fe00000)
   the space 53272K,  86% used [0x15350000, 0x18064a08, 0x18064c00, 0x18756000)
 Metaspace       used 46542K, capacity 48025K, committed 48104K, reserved 48512K
}
Event: 10.224 GC heap before
{Heap before GC invocations=84 (full 4):
 def new generation   total 24064K, used 22849K [0x0fe00000, 0x11810000, 0x15350000)
  eden space 21440K, 100% used [0x0fe00000, 0x112f0000, 0x112f0000)
  from space 2624K,  53% used [0x11580000, 0x116e0628, 0x11810000)
  to   space 2624K,   0% used [0x112f0000, 0x112f0000, 0x11580000)
 tenured generation   total 53272K, used 46162K [0x15350000, 0x18756000, 0x1fe00000)
   the space 53272K,  86% used [0x15350000, 0x18064a08, 0x18064c00, 0x18756000)
 Metaspace       used 47030K, capacity 48536K, committed 48616K, reserved 49536K
Event: 10.232 GC heap after
Heap after GC invocations=85 (full 4):
 def new generation   total 24064K, used 1585K [0x0fe00000, 0x11810000, 0x15350000)
  eden space 21440K,   0% used [0x0fe00000, 0x0fe00000, 0x112f0000)
  from space 2624K,  60% used [0x112f0000, 0x1147c768, 0x11580000)
  to   space 2624K,   0% used [0x11580000, 0x11580000, 0x11810000)
 tenured generation   total 53272K, used 46711K [0x15350000, 0x18756000, 0x1fe00000)
   the space 53272K,  87% used [0x15350000, 0x180ede78, 0x180ee000, 0x18756000)
 Metaspace       used 47030K, capacity 48536K, committed 48616K, reserved 49536K
}
Event: 13.336 GC heap before
{Heap before GC invocations=85 (full 4):
 def new generation   total 24064K, used 23025K [0x0fe00000, 0x11810000, 0x15350000)
  eden space 21440K, 100% used [0x0fe00000, 0x112f0000, 0x112f0000)
  from space 2624K,  60% used [0x112f0000, 0x1147c768, 0x11580000)
  to   space 2624K,   0% used [0x11580000, 0x11580000, 0x11810000)
 tenured generation   total 53272K, used 46711K [0x15350000, 0x18756000, 0x1fe00000)
   the space 53272K,  87% used [0x15350000, 0x180ede78, 0x180ee000, 0x18756000)
 Metaspace       used 47741K, capacity 49240K, committed 49256K, reserved 49536K
Event: 13.344 GC heap after
Heap after GC invocations=86 (full 4):
 def new generation   total 24064K, used 2178K [0x0fe00000, 0x11810000, 0x15350000)
  eden space 21440K,   0% used [0x0fe00000, 0x0fe00000, 0x112f0000)
  from space 2624K,  83% used [0x11580000, 0x117a0bf8, 0x11810000)
  to   space 2624K,   0% used [0x112f0000, 0x112f0000, 0x11580000)
 tenured generation   total 53272K, used 47205K [0x15350000, 0x18756000, 0x1fe00000)
   the space 53272K,  88% used [0x15350000, 0x181694d0, 0x18169600, 0x18756000)
 Metaspace       used 47741K, capacity 49240K, committed 49256K, reserved 49536K
}

